# JRE version: OpenJDK Runtime Environment Microsoft-8035246 (17.0.8+7) (build 17.0.8+7-LTS)
# Java VM: OpenJDK 64-Bit Server VM Microsoft-8035246 (17.0.8+7-LTS, mixed mode, sharing, tiered, compressed oops, compressed class ptrs, g1 gc, windows-amd64)
GC Precious Log:
 CPUs: 8 total, 8 available
 Memory: 8074M
 Large Page Support: Disabled
 NUMA Support: Disabled
 Compressed Oops: Enabled (32-bit)
 Heap Region Size: 1M
 Heap Min Capacity: 8M
 Heap Initial Capacity: 128M
 Heap Max Capacity: 2G
 Pre-touch: Disabled
 Parallel Workers: 8
 Concurrent Workers: 2
 Concurrent Refinement Workers: 8
 Periodic GC: Disabled
Heap:
 garbage-first heap   total 328704K, used 232583K [0x0000000080000000, 0x0000000100000000)
  region size 1024K, 29 young (29696K), 5 survivors (5120K)
 Metaspace       used 102002K, committed 103296K, reserved 557056K
  class space    used 14269K, committed 14848K, reserved 425984K
GC Heap History (20 events):
Event: 49.384 GC heap before
{Heap before GC invocations=47 (full 0):
 garbage-first heap   total 273408K, used 223606K [0x0000000080000000, 0x0000000100000000)
  region size 1024K, 51 young (52224K), 5 survivors (5120K)
 Metaspace       used 99570K, committed 100736K, reserved 557056K
  class space    used 13946K, committed 14464K, reserved 425984K
}
Event: 49.397 GC heap after
{Heap after GC invocations=48 (full 0):
 garbage-first heap   total 273408K, used 182088K [0x0000000080000000, 0x0000000100000000)
  region size 1024K, 7 young (7168K), 7 survivors (7168K)
 Metaspace       used 99570K, committed 100736K, reserved 557056K
  class space    used 13946K, committed 14464K, reserved 425984K
}
Event: 50.106 GC heap before
{Heap before GC invocations=48 (full 0):
 garbage-first heap   total 273408K, used 225096K [0x0000000080000000, 0x0000000100000000)
  region size 1024K, 49 young (50176K), 7 survivors (7168K)
 Metaspace       used 99959K, committed 101120K, reserved 557056K
  class space    used 13971K, committed 14464K, reserved 425984K
}
Event: 50.119 GC heap after
{Heap after GC invocations=49 (full 0):
 garbage-first heap   total 273408K, used 186826K [0x0000000080000000, 0x0000000100000000)
  region size 1024K, 5 young (5120K), 5 survivors (5120K)
 Metaspace       used 99959K, committed 101120K, reserved 557056K
  class space    used 13971K, committed 14464K, reserved 425984K
}
Event: 50.552 GC heap before
{Heap before GC invocations=49 (full 0):
 garbage-first heap   total 273408K, used 227786K [0x0000000080000000, 0x0000000100000000)
  region size 1024K, 45 young (46080K), 5 survivors (5120K)
 Metaspace       used 100136K, committed 101376K, reserved 557056K
  class space    used 13978K, committed 14528K, reserved 425984K
}
Event: 50.562 GC heap after
{Heap after GC invocations=50 (full 0):
 garbage-first heap   total 273408K, used 190859K [0x0000000080000000, 0x0000000100000000)
  region size 1024K, 4 young (4096K), 4 survivors (4096K)
 Metaspace       used 100136K, committed 101376K, reserved 557056K
  class space    used 13978K, committed 14528K, reserved 425984K
}
Event: 51.009 GC heap before
{Heap before GC invocations=50 (full 0):
 garbage-first heap   total 273408K, used 229771K [0x0000000080000000, 0x0000000100000000)
  region size 1024K, 42 young (43008K), 4 survivors (4096K)
 Metaspace       used 100773K, committed 102016K, reserved 557056K
  class space    used 14058K, committed 14592K, reserved 425984K
}
Event: 51.020 GC heap after
{Heap after GC invocations=51 (full 0):
 garbage-first heap   total 273408K, used 195648K [0x0000000080000000, 0x0000000100000000)
  region size 1024K, 5 young (5120K), 5 survivors (5120K)
 Metaspace       used 100773K, committed 102016K, reserved 557056K
  class space    used 14058K, committed 14592K, reserved 425984K
}
Event: 51.462 GC heap before
{Heap before GC invocations=51 (full 0):
 garbage-first heap   total 273408K, used 231488K [0x0000000080000000, 0x0000000100000000)
  region size 1024K, 40 young (40960K), 5 survivors (5120K)
 Metaspace       used 101493K, committed 102720K, reserved 557056K
  class space    used 14213K, committed 14720K, reserved 425984K
}
Event: 51.474 GC heap after
{Heap after GC invocations=52 (full 0):
 garbage-first heap   total 273408K, used 200102K [0x0000000080000000, 0x0000000100000000)
  region size 1024K, 5 young (5120K), 5 survivors (5120K)
 Metaspace       used 101493K, committed 102720K, reserved 557056K
  class space    used 14213K, committed 14720K, reserved 425984K
}
Event: 51.843 GC heap before
{Heap before GC invocations=52 (full 0):
 garbage-first heap   total 273408K, used 231846K [0x0000000080000000, 0x0000000100000000)
  region size 1024K, 37 young (37888K), 5 survivors (5120K)
 Metaspace       used 101641K, committed 102784K, reserved 557056K
  class space    used 14213K, committed 14720K, reserved 425984K
}
Event: 51.850 GC heap after
{Heap after GC invocations=53 (full 0):
 garbage-first heap   total 273408K, used 200896K [0x0000000080000000, 0x0000000100000000)
  region size 1024K, 3 young (3072K), 3 survivors (3072K)
 Metaspace       used 101641K, committed 102784K, reserved 557056K
  class space    used 14213K, committed 14720K, reserved 425984K
}
Event: 52.405 GC heap before
{Heap before GC invocations=53 (full 0):
 garbage-first heap   total 273408K, used 233663K [0x0000000080000000, 0x0000000100000000)
  region size 1024K, 35 young (35840K), 3 survivors (3072K)
 Metaspace       used 101979K, committed 103296K, reserved 557056K
  class space    used 14268K, committed 14848K, reserved 425984K
}
Event: 52.413 GC heap after
{Heap after GC invocations=54 (full 0):
 garbage-first heap   total 273408K, used 204518K [0x0000000080000000, 0x0000000100000000)
  region size 1024K, 5 young (5120K), 5 survivors (5120K)
 Metaspace       used 101979K, committed 103296K, reserved 557056K
  class space    used 14268K, committed 14848K, reserved 425984K
}
Event: 52.590 GC heap before
{Heap before GC invocations=54 (full 0):
 garbage-first heap   total 273408K, used 233190K [0x0000000080000000, 0x0000000100000000)
  region size 1024K, 34 young (34816K), 5 survivors (5120K)
 Metaspace       used 102001K, committed 103296K, reserved 557056K
  class space    used 14268K, committed 14848K, reserved 425984K
}
Event: 52.597 GC heap after
{Heap after GC invocations=55 (full 0):
 garbage-first heap   total 273408K, used 206993K [0x0000000080000000, 0x0000000100000000)
  region size 1024K, 4 young (4096K), 4 survivors (4096K)
 Metaspace       used 102001K, committed 103296K, reserved 557056K
  class space    used 14268K, committed 14848K, reserved 425984K
}
Event: 52.749 GC heap before
{Heap before GC invocations=55 (full 0):
 garbage-first heap   total 273408K, used 234641K [0x0000000080000000, 0x0000000100000000)
  region size 1024K, 31 young (31744K), 4 survivors (4096K)
 Metaspace       used 102001K, committed 103296K, reserved 557056K
  class space    used 14268K, committed 14848K, reserved 425984K
}
Event: 52.755 GC heap after
{Heap after GC invocations=56 (full 0):
 garbage-first heap   total 328704K, used 207761K [0x0000000080000000, 0x0000000100000000)
  region size 1024K, 3 young (3072K), 3 survivors (3072K)
 Metaspace       used 102001K, committed 103296K, reserved 557056K
  class space    used 14268K, committed 14848K, reserved 425984K
}
Event: 53.568 GC heap before
{Heap before GC invocations=56 (full 0):
 garbage-first heap   total 328704K, used 274321K [0x0000000080000000, 0x0000000100000000)
  region size 1024K, 68 young (69632K), 3 survivors (3072K)
 Metaspace       used 102002K, committed 103296K, reserved 557056K
  class space    used 14269K, committed 14848K, reserved 425984K
}
Event: 53.573 GC heap after
{Heap after GC invocations=57 (full 0):
 garbage-first heap   total 328704K, used 209031K [0x0000000080000000, 0x0000000100000000)
  region size 1024K, 5 young (5120K), 5 survivors (5120K)
 Metaspace       used 102002K, committed 103296K, reserved 557056K
  class space    used 14269K, committed 14848K, reserved 425984K
}

